3
4
4
4
4
4
4
4
7
7
7
7
7
7
9
10
10
11
11
11
11
11
12
12
12
12
13
13
13
13
15
15
16
17
17
19
19
19
20
20
20
22
23
23
23
24
24
24
27
29
29
29
30
30
31
31
31
34
34
34
31
31
33
33
33
34
34
34
32
32
32
32
34
62
61
71
71
70
71
71
71
71
70
70
70
71
71
71
70
70
68
68
68
67
68
66
69
70
70
70
70
Quantidade de jogos encontrados: 101
Tamanho da fila: 60
(D) [Scooby-Doo! and the Spooky Swamp] [NES] [2.2] 739. Sports. Namco Bandai Games. Mais vendido: JP_Vendas.
(D) [UEFA Champions League 2006-2007] [Wii] [0.43] 4525. Sports. Electronic Arts. Mais vendido: NA_Vendas.
(D) [Maze Craze: A Game of Cops 'n Robbers] [3DS] [0.2] 7546. Fighting. Nintendo. Mais vendido: EU_Vendas.
(D) [Pro Yaky? Spirits 5] [DS] [0.08] 11614. Adventure. Square Enix. Mais vendido: JP_Vendas.
67
67
(D) [Nintendogs + cats] [PS] [0.81] 2555. Puzzle. Atari. Mais vendido: NA_Vendas.
(D) [NPPL: Championship Paintball 2009] [PC] [0.15] 8930. Racing. Codemasters. Mais vendido: EU_Vendas.
(D) [Hammerin' Hero] [Wii] [0.06] 12759. Sports. Avanquest. Mais vendido: NA_Vendas.
(D) [Red Dead Redemption: Undead Nightmare] [X360] [3.5] 376. Action. Eidos Interactive. Mais vendido: NA_Vendas.
(D) [Microsoft Flight Simulator X] [GC] [1.69] 1072. Action. Capcom. Mais vendido: NA_Vendas.
(D) [Garou Densetsu 3: Road to the Final Victory] [PS3] [0.24] 6877. Action. Namco Bandai Games. Mais vendido: JP_Vendas.
(D) [Naruto: Ninja Council 2 European Version] [PS2] [0.11] 10239. Sports. Xicat Interactive. Mais vendido: NA_Vendas.
62
62
65
65
(D) [Zoids Dash] [PC] [0.04] 13565. Racing. Electronic Arts. Mais vendido: EU_Vendas.
(D) [Katekyoo Hitman Reborn! DS Fate of Heat III - Yuki no Shugosha Raishuu!] [GC] [0.44] 4479. Adventure. Nintendo. Mais vendido: NA_Vendas.
(D) [Gekijouban Madoka Magicka: The Battle Pentagram] [PC] [0.98] 2108. Shooter. Ubisoft. Mais vendido: EU_Vendas.
(D) [Agatha Christie: The ABC Murders] [PS3] [0.25] 6726. Action. Sega. Mais vendido: JP_Vendas.
(D) [Deadly Arts] [PS2] [0.17] 8387. Sports. Sony Computer Entertainment. Mais vendido: NA_Vendas.
63
(D) [SpongeBob SquarePants: Lights, Camera, Pants!] [PS2] [2.22] 728. Action. Ubisoft. Mais vendido: EU_Vendas.
(D) [Star Wars Starfighter: Special Edition] [PS3] [0.7] 2904. Sports. Sega. Mais vendido: EU_Vendas.
(D) [Naruto Shippuden: Ultimate Ninja Storm 2] [PSP] [0.01] 16593. Role-Playing. Falcom Corporation. Mais vendido: JP_Vendas.
(D) [Dora the Explorer: Game Boy Advance Video Volume 1] [DS] [0.16] 8637. Misc. Ubisoft. Mais vendido: NA_Vendas.
(D) [Hysteria Hospital: Emergency Ward] [X360] [0.36] 5189. Action. Activision. Mais vendido: NA_Vendas.
(D) [NBA Live 2000] [PC] [1.95] 876. Shooter. LucasArts. Mais vendido: NA_Vendas.
58
60
(D) [Get Fit with Mel B] [PSV] [0.02] 15355. Action. Idea Factory. Mais vendido: JP_Vendas.
(D) [Zoo Hospital] [DS] [0.04] 13935. Simulation. Eidos Interactive. Mais vendido: NA_Vendas.
(D) [Jet Li: Rise to Honor] [PS2] [1.27] 1568. Action. Sony Computer Entertainment. Mais vendido: NA_Vendas.
58
(D) [F1 ROC: Race of Champions] [PS2] [0.02] 15139. Fighting. Namco Bandai Games. Mais vendido: NA_Vendas.
(D) [Madden NFL 10] [PS2] [0.28] 6245. Sports. Acclaim Entertainment. Mais vendido: NA_Vendas.
(D) [NHL 16] [X360] [0.16] 8632. Misc. Ubisoft. Mais vendido: NA_Vendas.
58
(D) [The Naked Brothers Band: The Video Game] [X360] [0.9] 2325. Sports. THQ. Mais vendido: NA_Vendas.
[1][Generator Rex: Agent of Providence] [X360] [0.06] 12386. Action. Activision. Mais vendido: NA_Vendas.
[2][Damnation] [Wii] [0.05] 13388. Action. Take-Two Interactive. Mais vendido: NA_Vendas.
[3][LEGO Indiana Jones 2: The Adventure Continues] [PS2] [1.66] 1102. Sports. Electronic Arts. Mais vendido: NA_Vendas.
[4][Skate 3] [Wii] [28.62] 9. Platform. Nintendo. Mais vendido: NA_Vendas.
[5][Rise of the Tomb Raider] [Wii] [0.23] 7014. Strategy. THQ. Mais vendido: NA_Vendas.
[6][Call of Duty: Modern Warfare 2] [PS3] [10.69] 56. Shooter. Activision. Mais vendido: NA_Vendas.
[7][Dakar 2: The World's Ultimate Rally] [PC] [0.06] 12752. Role-Playing. JoWood Productions. Mais vendido: EU_Vendas.
[8][Fight Night Round 2] [Wii] [0.23] 7060. Puzzle. Capcom. Mais vendido: NA_Vendas.
[9][NCAA Football 2005] [Wii] [0.89] 2352. Shooter. Activision. Mais vendido: NA_Vendas.
[10][Catwoman] [DS] [0.18] 8099. Simulation. Disney Interactive Studios. Mais vendido: NA_Vendas.
[11][Motto! SoniComi] [PSP] [0.32] 5583. Fighting. Namco Bandai Games. Mais vendido: JP_Vendas.
[12][Utawarerumono: Futari no Hakuoro] [PS] [0.08] 11677. Simulation. Psygnosis. Mais vendido: NA_Vendas.
[13][Transformers: Revenge of the Fallen (XBox 360, PS3, & PC Versions)] [PC] [0.19] 7951. Shooter. Activision. Mais vendido: EU_Vendas.
[14][Summer Heat Beach Volleyball] [DS] [0.01] 16487. Misc. UFO Interactive. Mais vendido: NA_Vendas.
[15][Clubhouse Games] [GC] [0.14] 9052. Simulation. Nintendo. Mais vendido: JP_Vendas.
[16][Rogue Ops] [PS2] [0.23] 7130. Action. Kemco. Mais vendido: NA_Vendas.
[17][Codename Tenka] [XB] [0.02] 14926. Racing. Jaleco. Mais vendido: NA_Vendas.
[18][Code Geass: Hangyaku no Lelouch - Lost Colors] [PS3] [0.01] 16039. Misc. Aqua Plus. Mais vendido: JP_Vendas.
[19][Mega Man Powered Up] [DS] [0.11] 10078. Adventure. PQube. Mais vendido: NA_Vendas.
[20][Grand Kingdom] [DS] [0.03] 14600. Adventure. Level 5. Mais vendido: JP_Vendas.
[21][Batman: Arkham Asylum] [PS] [0.27] 6441. Sports. Tecmo Koei. Mais vendido: JP_Vendas.
[22][Etrian Odyssey IV: Legends of the Titans] [PS2] [0.18] 8139. Strategy. Eidos Interactive. Mais vendido: NA_Vendas.
[23][Karaoke Revolution Party] [PS2] [0.2] 7543. Fighting. Ignition Entertainment. Mais vendido: NA_Vendas.
[24][Left Brain Right Brain: Use Both Hands Train Both Sides] [PC] [0.04] 14030. Strategy. Ubisoft. Mais vendido: EU_Vendas.
[25][Super Mario Bros: The Lost Levels] [PS3] [0.29] 5979. Action. Tecmo Koei. Mais vendido: NA_Vendas.
[26][Worldwide Soccer Manager 2009] [2600] [0.34] 5397. Action. 20th Century Fox Video Games. Mais vendido: NA_Vendas.
[27][Resident Evil 3: Nemesis] [PS] [3.72] 333. Action. Eidos Interactive. Mais vendido: JP_Vendas.
[28][Epic Mickey 2: The Power of Two] [PS4] [0.54] 3713. Action. Capcom. Mais vendido: EU_Vendas.
[29][Tiger Woods PGA Tour 08] [PS3] [0.74] 2777. Racing. Activision. Mais vendido: EU_Vendas.
[30][Forza Motorsport 3] [DS] [0.04] 13482. Misc. 505 Games. Mais vendido: NA_Vendas.
[31][Ginga Tetsudou 999 DS] [WiiU] [0.4] 4854. Sports. Nintendo. Mais vendido: NA_Vendas.
[32][DS Nishimura Kyotaro Suspense Shin Tantei Series: Kyoto Atami Zekkai no Kotou - Satsui no Wana] [Wii] [0.12] 9910. Shooter. Reef Entertainment. Mais vendido: NA_Vendas.
[33][Shin Kamaitachi no Yoru: 11 Hitome no Suspect] [GC] [0.05] 12870. Action. Eidos Interactive. Mais vendido: NA_Vendas.
[34][Puzzle de Harvest Moon] [PS] [0.89] 2341. Simulation. Sony Computer Entertainment. Mais vendido: JP_Vendas.
[35][Cabela's Survival: Shadows of Katmai] [PS2] [0.39] 4942. Action. Eidos Interactive. Mais vendido: NA_Vendas.
[36][James Bond 007: Agent Under Fire] [X360] [2.58] 595. Action. Take-Two Interactive. Mais vendido: EU_Vendas.
[37][Shiren the Wanderer 4 - God's Eye and the Demon's Navel] [XB] [0.44] 4424. Role-Playing. Activision. Mais vendido: NA_Vendas.
[38][Imagine: Party Babyz] [XB] [0.09] 10912. Misc. Crave Entertainment. Mais vendido: NA_Vendas.
[39][Cooking Mama 4: Kitchen Magic!] [DS] [0.02] 15059. Platform. N/A. Mais vendido: EU_Vendas.
[40][Pro Yakyuu Family Stadium] [PS2] [1.86] 930. Misc. Sony Computer Entertainment. Mais vendido: EU_Vendas.
[41][Jake Hunter Detective Story: Memories of the Past] [XB] [0.1] 10571. Action. Activision. Mais vendido: NA_Vendas.
[42][Dragon Quest IX: Sentinels of the Starry Skies] [X360] [0.45] 4337. Sports. Take-Two Interactive. Mais vendido: NA_Vendas.
